<?xml version="1.0" encoding="UTF-8"?>
<!-- Generated by org.testng.reporters.JUnitXMLReporter -->
<testsuite hostname="kanishkamogha" ignored="3" name="Default test" tests="1" failures="0" timestamp="2021-02-11T18:58:23 IST" time="18.544" errors="0">
  <testcase name="ModifySearch" time="17.379" classname="TestAction.SearchTest"/>
  <testcase name="SearchBus" time="0.0" classname="TestAction.SearchTest">
    <ignored/>
  </testcase> <!-- SearchBus -->
  <testcase name="Filter" time="0.0" classname="TestAction.SearchTest">
    <ignored/>
  </testcase> <!-- Filter -->
  <testcase name="Sort" time="0.0" classname="TestAction.SearchTest">
    <ignored/>
  </testcase> <!-- Sort -->
</testsuite> <!-- Default test -->
